<?xml version="1.0" encoding="UTF-8"?>
<!-- Generated by org.testng.reporters.JUnitReportReporter -->
<testsuite hostname="DESKTOP-PK3H5G3" failures="0" tests="2" name="test.Checkoutpage" time="0.000" errors="0" timestamp="2024-09-20T05:55:57 BST" skipped="2">
  <testcase classname="test.Checkoutpage" name="checkout" time="0.000">
    <skipped/>
  </testcase> <!-- checkout -->
  <testcase classname="test.Checkoutpage" name="Login" time="0.000">
    <skipped/>
  </testcase> <!-- Login -->
</testsuite> <!-- test.Checkoutpage -->
