<?xml version="1.0" encoding="UTF-8"?>
<!-- Generated by org.testng.reporters.JUnitReportReporter -->
<testsuite hostname="DESKTOP-PK3H5G3" failures="0" tests="2" name="test.MenuBar" time="0.000" errors="0" timestamp="2024-09-20T05:55:57 BST" skipped="2">
  <testcase classname="test.MenuBar" name="Swaglabs" time="0.000">
    <skipped/>
  </testcase> <!-- Swaglabs -->
  <testcase classname="test.MenuBar" name="login" time="0.000">
    <skipped/>
  </testcase> <!-- login -->
</testsuite> <!-- test.MenuBar -->
