<?xml version="1.0" encoding="UTF-8"?>
<!-- Generated by org.testng.reporters.JUnitReportReporter -->
<testsuite hostname="DESKTOP-PK3H5G3" failures="0" tests="2" name="test.Productpage" time="0.001" errors="0" timestamp="2024-09-20T05:55:57 BST" skipped="2">
  <testcase classname="test.Productpage" name="logincredentials" time="0.000">
    <skipped/>
  </testcase> <!-- logincredentials -->
  <testcase classname="test.Productpage" name="productdetails" time="0.001">
    <skipped/>
  </testcase> <!-- productdetails -->
</testsuite> <!-- test.Productpage -->
