<?xml version="1.0" encoding="UTF-8"?>
<!-- Generated by org.testng.reporters.JUnitReportReporter -->
<testsuite hostname="DESKTOP-PK3H5G3" failures="0" tests="3" name="test.Loginpage" time="0.002" errors="0" timestamp="2024-09-20T05:55:57 BST" skipped="3">
  <testcase classname="test.Loginpage" name="logo" time="0.001">
    <skipped/>
  </testcase> <!-- logo -->
  <testcase classname="test.Loginpage" name="wronglogin" time="0.000">
    <skipped/>
  </testcase> <!-- wronglogin -->
  <testcase classname="test.Loginpage" name="Rightlogin" time="0.001">
    <skipped/>
  </testcase> <!-- Rightlogin -->
</testsuite> <!-- test.Loginpage -->
