<?xml version="1.0" encoding="UTF-8"?>
<!-- Generated by org.testng.reporters.JUnitReportReporter -->
<testsuite hostname="DESKTOP-PK3H5G3" failures="0" tests="1" name="test.Logout" time="4.165" errors="0" timestamp="2024-09-20T08:17:03 BST" skipped="0">
  <testcase classname="test.Logout" name="logout" time="4.165"/>
</testsuite> <!-- test.Logout -->
