<?xml version="1.0" encoding="UTF-8"?>
<!-- Generated by org.testng.reporters.JUnitReportReporter -->
<testsuite hostname="DESKTOP-PK3H5G3" failures="0" tests="1" name="test.Filterbutton" time="0.000" errors="0" timestamp="2024-09-20T05:55:57 BST" skipped="1">
  <testcase classname="test.Filterbutton" name="FilterButton" time="0.000">
    <skipped/>
  </testcase> <!-- FilterButton -->
</testsuite> <!-- test.Filterbutton -->
