<?xml version="1.0" encoding="UTF-8"?>
<!-- Generated by org.testng.reporters.JUnitReportReporter -->
<testsuite hostname="DESKTOP-PK3H5G3" failures="0" tests="2" name="test.Productdetails" time="3.012" errors="0" timestamp="2024-09-10T22:46:11 BST" skipped="0">
  <testcase classname="test.Productdetails" name="productdetails" time="0.358"/>
  <testcase classname="test.Productdetails" name="logincredentials" time="2.654"/>
</testsuite> <!-- test.Productdetails -->
